[adiciona_novos_relacionamentos] Criando novas relações NistFindface...
[adiciona_novos_relacionamentos] 0 relacionamentos criados no banco para a base BR/TSE.
[adiciona_novos_relacionamentos] 2202 relacionamentos criados no banco para a base PF/SISMIGRA.
[adiciona_novos_relacionamentos] 0 relacionamentos criados no banco para a base PF/SINPA.
[adiciona_novos_relacionamentos] 0 relacionamentos criados no banco para a base PF/TESTE.
[adiciona_novos_relacionamentos] 0 relacionamentos criados no banco para a base PF/DIAR.
[adiciona_novos_relacionamentos] 0 relacionamentos criados no banco para a base RR/CIVIL.
[adiciona_novos_relacionamentos] 217 relacionamentos criados no banco para a base RR/DETRAN.
[adiciona_novos_relacionamentos] 0 relacionamentos criados no banco para a base RR/PM.
[adiciona_novos_relacionamentos] 0 relacionamentos criados no banco para a base RR/SEJUC-DETENTOS.
[adiciona_novos_relacionamentos] 0 relacionamentos criados no banco para a base RR/SEJUC-VISITANTES.
[adiciona_novos_relacionamentos] 0 relacionamentos criados no banco para a base RR/CSE-DETENTOS.
[adiciona_novos_relacionamentos] 0 relacionamentos criados no banco para a base RR/CSE-VISITANTES.
[adiciona_novos_relacionamentos] 0 relacionamentos criados no banco para a base RR/FICCO.
[adiciona_novos_relacionamentos] 0 relacionamentos criados no banco para a base RO/CIVIL.
[adiciona_novos_relacionamentos] 0 relacionamentos criados no banco para a base RO/PRISIONAL.
[adiciona_novos_relacionamentos] 0 relacionamentos criados no banco para a base MA/PRISIONAL.
[adiciona_novos_relacionamentos] 0 relacionamentos criados no banco para a base PF/GCAP-RR.
[adiciona_novos_relacionamentos] 0 relacionamentos criados no banco para a base RR/DICAP-ALBERGADOS.
[adiciona_novos_relacionamentos] Finalizado.
